2025-11-02 14:53:02.585 [main] INFO  com.jvmprofiler.Main - Starting JVM Profiler Tool
2025-11-02 15:05:43.936 [main] INFO  com.jvmprofiler.Main - Starting JVM Profiler Tool
2025-11-02 15:05:43.944 [main] INFO  com.jvmprofiler.cli.CLIHandler - Starting monitoring for PID: 1234, interval: 2s, duration: unlimited
2025-11-02 15:05:44.026 [main] INFO  com.jvmprofiler.monitor.JVMProfilerJMXConnector - Successfully connected to JVM process: 1234
2025-11-02 15:06:34.556 [main] ERROR com.jvmprofiler.monitor.JVMProfilerJMXConnector - Error collecting metrics: Connection refused to host: 172.25.40.249; nested exception is: 
	java.net.ConnectException: Connection refused: connect
java.rmi.ConnectException: Connection refused to host: 172.25.40.249; nested exception is: 
	java.net.ConnectException: Connection refused: connect
	at sun.rmi.transport.tcp.TCPEndpoint.newSocket(TCPEndpoint.java:615) ~[?:?]
	at sun.rmi.transport.tcp.TCPChannel.createConnection(TCPChannel.java:150) ~[?:?]
	at sun.rmi.transport.tcp.TCPChannel.newConnection(TCPChannel.java:137) ~[?:?]
	at sun.rmi.server.UnicastRef.invoke(UnicastRef.java:130) ~[?:?]
	at jdk.jmx.remote.internal.rmi.PRef.invoke(Unknown Source) ~[?:?]
	at javax.management.remote.rmi.RMIConnectionImpl_Stub.getAttribute(RMIConnectionImpl_Stub.java:288) ~[?:?]
	at javax.management.remote.rmi.RMIConnector$RemoteMBeanServerConnection.getAttribute(RMIConnector.java:876) ~[?:?]
	at com.jvmprofiler.monitor.JVMProfilerJMXConnector.collectMemoryMetrics(JVMProfilerJMXConnector.java:69) ~[jvm-profiler-tool-1.0.0.jar:?]
	at com.jvmprofiler.monitor.JVMProfilerJMXConnector.collectMetrics(JVMProfilerJMXConnector.java:54) [jvm-profiler-tool-1.0.0.jar:?]
	at com.jvmprofiler.monitor.RealTimeDashboard.startMonitoring(RealTimeDashboard.java:35) [jvm-profiler-tool-1.0.0.jar:?]
	at com.jvmprofiler.cli.CLIHandler.handleMonitorCommand(CLIHandler.java:50) [jvm-profiler-tool-1.0.0.jar:?]
	at com.jvmprofiler.cli.CLIHandler.handleCommand(CLIHandler.java:26) [jvm-profiler-tool-1.0.0.jar:?]
	at com.jvmprofiler.Main.main(Main.java:23) [jvm-profiler-tool-1.0.0.jar:?]
Caused by: java.net.ConnectException: Connection refused: connect
	at sun.nio.ch.Net.connect0(Native Method) ~[?:?]
	at sun.nio.ch.Net.connect(Net.java:546) ~[?:?]
	at sun.nio.ch.Net.connect(Net.java:535) ~[?:?]
	at sun.nio.ch.NioSocketImpl.connect(NioSocketImpl.java:585) ~[?:?]
	at java.net.SocksSocketImpl.connect(SocksSocketImpl.java:284) ~[?:?]
	at java.net.Socket.connect(Socket.java:659) ~[?:?]
	at java.net.Socket.connect(Socket.java:597) ~[?:?]
	at java.net.Socket.<init>(Socket.java:464) ~[?:?]
	at java.net.Socket.<init>(Socket.java:276) ~[?:?]
	at sun.rmi.transport.tcp.TCPDirectSocketFactory.createSocket(TCPDirectSocketFactory.java:40) ~[?:?]
	at sun.rmi.transport.tcp.TCPEndpoint.newSocket(TCPEndpoint.java:609) ~[?:?]
	... 12 more
2025-11-02 15:06:34.568 [main] ERROR com.jvmprofiler.monitor.RealTimeDashboard - Monitoring error: Failed to collect metrics
java.lang.RuntimeException: Failed to collect metrics
	at com.jvmprofiler.monitor.JVMProfilerJMXConnector.collectMetrics(JVMProfilerJMXConnector.java:63) ~[jvm-profiler-tool-1.0.0.jar:?]
	at com.jvmprofiler.monitor.RealTimeDashboard.startMonitoring(RealTimeDashboard.java:35) [jvm-profiler-tool-1.0.0.jar:?]
	at com.jvmprofiler.cli.CLIHandler.handleMonitorCommand(CLIHandler.java:50) [jvm-profiler-tool-1.0.0.jar:?]
	at com.jvmprofiler.cli.CLIHandler.handleCommand(CLIHandler.java:26) [jvm-profiler-tool-1.0.0.jar:?]
	at com.jvmprofiler.Main.main(Main.java:23) [jvm-profiler-tool-1.0.0.jar:?]
Caused by: java.rmi.ConnectException: Connection refused to host: 172.25.40.249; nested exception is: 
	java.net.ConnectException: Connection refused: connect
	at sun.rmi.transport.tcp.TCPEndpoint.newSocket(TCPEndpoint.java:615) ~[?:?]
	at sun.rmi.transport.tcp.TCPChannel.createConnection(TCPChannel.java:150) ~[?:?]
	at sun.rmi.transport.tcp.TCPChannel.newConnection(TCPChannel.java:137) ~[?:?]
	at sun.rmi.server.UnicastRef.invoke(UnicastRef.java:130) ~[?:?]
	at jdk.jmx.remote.internal.rmi.PRef.invoke(Unknown Source) ~[?:?]
	at javax.management.remote.rmi.RMIConnectionImpl_Stub.getAttribute(RMIConnectionImpl_Stub.java:288) ~[?:?]
	at javax.management.remote.rmi.RMIConnector$RemoteMBeanServerConnection.getAttribute(RMIConnector.java:876) ~[?:?]
	at com.jvmprofiler.monitor.JVMProfilerJMXConnector.collectMemoryMetrics(JVMProfilerJMXConnector.java:69) ~[jvm-profiler-tool-1.0.0.jar:?]
	at com.jvmprofiler.monitor.JVMProfilerJMXConnector.collectMetrics(JVMProfilerJMXConnector.java:54) ~[jvm-profiler-tool-1.0.0.jar:?]
	... 4 more
Caused by: java.net.ConnectException: Connection refused: connect
	at sun.nio.ch.Net.connect0(Native Method) ~[?:?]
	at sun.nio.ch.Net.connect(Net.java:546) ~[?:?]
	at sun.nio.ch.Net.connect(Net.java:535) ~[?:?]
	at sun.nio.ch.NioSocketImpl.connect(NioSocketImpl.java:585) ~[?:?]
	at java.net.SocksSocketImpl.connect(SocksSocketImpl.java:284) ~[?:?]
	at java.net.Socket.connect(Socket.java:659) ~[?:?]
	at java.net.Socket.connect(Socket.java:597) ~[?:?]
	at java.net.Socket.<init>(Socket.java:464) ~[?:?]
	at java.net.Socket.<init>(Socket.java:276) ~[?:?]
	at sun.rmi.transport.tcp.TCPDirectSocketFactory.createSocket(TCPDirectSocketFactory.java:40) ~[?:?]
	at sun.rmi.transport.tcp.TCPEndpoint.newSocket(TCPEndpoint.java:609) ~[?:?]
	at sun.rmi.transport.tcp.TCPChannel.createConnection(TCPChannel.java:150) ~[?:?]
	at sun.rmi.transport.tcp.TCPChannel.newConnection(TCPChannel.java:137) ~[?:?]
	at sun.rmi.server.UnicastRef.invoke(UnicastRef.java:130) ~[?:?]
	at jdk.jmx.remote.internal.rmi.PRef.invoke(Unknown Source) ~[?:?]
	at javax.management.remote.rmi.RMIConnectionImpl_Stub.getAttribute(RMIConnectionImpl_Stub.java:288) ~[?:?]
	at javax.management.remote.rmi.RMIConnector$RemoteMBeanServerConnection.getAttribute(RMIConnector.java:876) ~[?:?]
	at com.jvmprofiler.monitor.JVMProfilerJMXConnector.collectMemoryMetrics(JVMProfilerJMXConnector.java:69) ~[jvm-profiler-tool-1.0.0.jar:?]
	at com.jvmprofiler.monitor.JVMProfilerJMXConnector.collectMetrics(JVMProfilerJMXConnector.java:54) ~[jvm-profiler-tool-1.0.0.jar:?]
	... 4 more
2025-11-02 15:06:36.624 [main] ERROR com.jvmprofiler.monitor.JVMProfilerJMXConnector - Error disconnecting: Connection refused to host: 172.25.40.249; nested exception is: 
	java.net.ConnectException: Connection refused: connect
2025-11-02 15:17:47.153 [main] INFO  com.jvmprofiler.Main - Starting JVM Profiler Tool
2025-11-02 15:17:47.164 [main] INFO  com.jvmprofiler.cli.CLIHandler - Starting monitoring for PID: 1234, interval: 2s, duration: unlimited
2025-11-02 15:17:47.240 [main] INFO  com.jvmprofiler.monitor.JVMProfilerJMXConnector - Successfully connected to JVM process: 1234
2025-11-02 15:39:55.232 [main] INFO  com.jvmprofiler.Main - Starting JVM Profiler Tool
2025-11-02 15:39:55.241 [main] INFO  com.jvmprofiler.cli.CLIHandler - Analyzing GC log file: examples\gc-logs\g1gc-sample.log
2025-11-02 15:39:55.244 [main] INFO  com.jvmprofiler.analyzer.GCLogParser - Parsing GC log file: examples\gc-logs\g1gc-sample.log
2025-11-02 15:39:55.669 [main] INFO  com.jvmprofiler.Main - Starting JVM Profiler Tool
2025-11-02 15:39:55.677 [main] INFO  com.jvmprofiler.cli.CLIHandler - Analyzing GC log file: examples\gc-logs\zgc-sample.log
2025-11-02 15:39:55.679 [main] INFO  com.jvmprofiler.analyzer.GCLogParser - Parsing GC log file: examples\gc-logs\zgc-sample.log
2025-11-02 15:39:56.090 [main] INFO  com.jvmprofiler.Main - Starting JVM Profiler Tool
2025-11-02 15:39:56.098 [main] INFO  com.jvmprofiler.cli.CLIHandler - Detecting memory leaks in GC log file: examples\gc-logs\memory-leak-sample.log
2025-11-02 15:39:56.101 [main] INFO  com.jvmprofiler.analyzer.GCLogParser - Parsing GC log file: examples\gc-logs\memory-leak-sample.log
2025-11-02 15:39:56.509 [main] INFO  com.jvmprofiler.Main - Starting JVM Profiler Tool
2025-11-02 15:39:56.517 [main] INFO  com.jvmprofiler.cli.CLIHandler - Analyzing GC log file: examples\gc-logs\parallelgc-sample.log
2025-11-02 15:39:56.519 [main] INFO  com.jvmprofiler.analyzer.GCLogParser - Parsing GC log file: examples\gc-logs\parallelgc-sample.log
2025-11-02 15:41:24.719 [main] INFO  com.jvmprofiler.Main - Starting JVM Profiler Tool
2025-11-02 15:41:24.728 [main] INFO  com.jvmprofiler.cli.CLIHandler - Starting monitoring for PID: 1234, interval: 2s, duration: unlimited
2025-11-02 15:41:24.804 [main] INFO  com.jvmprofiler.monitor.JVMProfilerJMXConnector - Successfully connected to JVM process: 1234
2025-11-02 15:44:18.076 [main] INFO  com.jvmprofiler.Main - Starting JVM Profiler Tool
2025-11-02 15:44:18.088 [main] INFO  com.jvmprofiler.cli.CLIHandler - Analyzing GC log file: examples\gc-logs\g1gc-sample.log
2025-11-02 15:44:18.090 [main] INFO  com.jvmprofiler.analyzer.GCLogParser - Parsing GC log file: examples\gc-logs\g1gc-sample.log
2025-11-02 15:44:18.509 [main] INFO  com.jvmprofiler.Main - Starting JVM Profiler Tool
2025-11-02 15:44:18.517 [main] INFO  com.jvmprofiler.cli.CLIHandler - Analyzing GC log file: examples\gc-logs\zgc-sample.log
2025-11-02 15:44:18.519 [main] INFO  com.jvmprofiler.analyzer.GCLogParser - Parsing GC log file: examples\gc-logs\zgc-sample.log
2025-11-02 15:44:18.944 [main] INFO  com.jvmprofiler.Main - Starting JVM Profiler Tool
2025-11-02 15:44:18.953 [main] INFO  com.jvmprofiler.cli.CLIHandler - Detecting memory leaks in GC log file: examples\gc-logs\memory-leak-sample.log
2025-11-02 15:44:18.954 [main] INFO  com.jvmprofiler.analyzer.GCLogParser - Parsing GC log file: examples\gc-logs\memory-leak-sample.log
2025-11-02 15:44:19.374 [main] INFO  com.jvmprofiler.Main - Starting JVM Profiler Tool
2025-11-02 15:44:19.383 [main] INFO  com.jvmprofiler.cli.CLIHandler - Analyzing GC log file: examples\gc-logs\parallelgc-sample.log
2025-11-02 15:44:19.386 [main] INFO  com.jvmprofiler.analyzer.GCLogParser - Parsing GC log file: examples\gc-logs\parallelgc-sample.log
2025-11-02 15:44:29.658 [main] INFO  com.jvmprofiler.Main - Starting JVM Profiler Tool
2025-11-02 15:44:29.667 [main] INFO  com.jvmprofiler.cli.CLIHandler - Starting monitoring for PID: 1234, interval: 2s, duration: unlimited
2025-11-02 15:44:29.709 [main] ERROR com.jvmprofiler.monitor.JVMProfilerJMXConnector - Failed to connect to JVM process 1234: Failed to retrieve RMIServer stub: javax.naming.ServiceUnavailableException [Root exception is java.rmi.ConnectException: Connection refused to host: 127.0.0.1; nested exception is: 
	java.net.ConnectException: Connection refused: connect]
2025-11-02 15:44:50.170 [main] INFO  com.jvmprofiler.Main - Starting JVM Profiler Tool
2025-11-02 15:44:50.178 [main] INFO  com.jvmprofiler.cli.CLIHandler - Starting monitoring for PID: 1234, interval: 2s, duration: unlimited
2025-11-02 15:44:50.255 [main] INFO  com.jvmprofiler.monitor.JVMProfilerJMXConnector - Successfully connected to JVM process: 1234
2025-11-02 15:45:00.456 [main] INFO  com.jvmprofiler.Main - Starting JVM Profiler Tool
2025-11-02 15:45:00.464 [main] INFO  com.jvmprofiler.cli.CLIHandler - Analyzing GC log file: examples\gc-logs\g1gc-sample.log
2025-11-02 15:45:00.466 [main] INFO  com.jvmprofiler.analyzer.GCLogParser - Parsing GC log file: examples\gc-logs\g1gc-sample.log
2025-11-02 15:45:00.870 [main] INFO  com.jvmprofiler.Main - Starting JVM Profiler Tool
2025-11-02 15:45:00.878 [main] INFO  com.jvmprofiler.cli.CLIHandler - Analyzing GC log file: examples\gc-logs\zgc-sample.log
2025-11-02 15:45:00.881 [main] INFO  com.jvmprofiler.analyzer.GCLogParser - Parsing GC log file: examples\gc-logs\zgc-sample.log
2025-11-02 15:45:01.293 [main] INFO  com.jvmprofiler.Main - Starting JVM Profiler Tool
2025-11-02 15:45:01.301 [main] INFO  com.jvmprofiler.cli.CLIHandler - Detecting memory leaks in GC log file: examples\gc-logs\memory-leak-sample.log
2025-11-02 15:45:01.303 [main] INFO  com.jvmprofiler.analyzer.GCLogParser - Parsing GC log file: examples\gc-logs\memory-leak-sample.log
2025-11-02 15:45:01.715 [main] INFO  com.jvmprofiler.Main - Starting JVM Profiler Tool
2025-11-02 15:45:01.723 [main] INFO  com.jvmprofiler.cli.CLIHandler - Analyzing GC log file: examples\gc-logs\parallelgc-sample.log
2025-11-02 15:45:01.727 [main] INFO  com.jvmprofiler.analyzer.GCLogParser - Parsing GC log file: examples\gc-logs\parallelgc-sample.log
2025-11-02 16:07:44.822 [main] INFO  com.jvmprofiler.Main - Starting JVM Profiler Tool
2025-11-02 16:07:44.839 [main] INFO  com.jvmprofiler.cli.CLIHandler - Starting monitoring for PID: 1234, interval: 2s, duration: unlimited
2025-11-02 16:07:44.916 [main] ERROR com.jvmprofiler.monitor.JVMProfilerJMXConnector - Failed to connect to JVM process 1234: Failed to retrieve RMIServer stub: javax.naming.ServiceUnavailableException [Root exception is java.rmi.ConnectException: Connection refused to host: 127.0.0.1; nested exception is: 
	java.net.ConnectException: Connection refused: connect]
2025-11-02 16:07:50.793 [main] INFO  com.jvmprofiler.Main - Starting JVM Profiler Tool
2025-11-02 16:07:58.338 [main] INFO  com.jvmprofiler.Main - Starting JVM Profiler Tool
2025-11-02 16:07:58.351 [main] INFO  com.jvmprofiler.cli.CLIHandler - Analyzing GC log file: examples\gc-logs\g1gc-sample.log
2025-11-02 16:07:58.356 [main] INFO  com.jvmprofiler.analyzer.GCLogParser - Parsing GC log file: examples\gc-logs\g1gc-sample.log
2025-11-02 16:07:59.089 [main] INFO  com.jvmprofiler.Main - Starting JVM Profiler Tool
2025-11-02 16:07:59.103 [main] INFO  com.jvmprofiler.cli.CLIHandler - Analyzing GC log file: examples\gc-logs\zgc-sample.log
2025-11-02 16:07:59.107 [main] INFO  com.jvmprofiler.analyzer.GCLogParser - Parsing GC log file: examples\gc-logs\zgc-sample.log
2025-11-02 16:07:59.796 [main] INFO  com.jvmprofiler.Main - Starting JVM Profiler Tool
2025-11-02 16:07:59.810 [main] INFO  com.jvmprofiler.cli.CLIHandler - Detecting memory leaks in GC log file: examples\gc-logs\memory-leak-sample.log
2025-11-02 16:07:59.814 [main] INFO  com.jvmprofiler.analyzer.GCLogParser - Parsing GC log file: examples\gc-logs\memory-leak-sample.log
2025-11-02 16:08:00.505 [main] INFO  com.jvmprofiler.Main - Starting JVM Profiler Tool
2025-11-02 16:08:00.522 [main] INFO  com.jvmprofiler.cli.CLIHandler - Analyzing GC log file: examples\gc-logs\parallelgc-sample.log
2025-11-02 16:08:00.526 [main] INFO  com.jvmprofiler.analyzer.GCLogParser - Parsing GC log file: examples\gc-logs\parallelgc-sample.log
2025-11-02 16:08:11.170 [main] INFO  com.jvmprofiler.Main - Starting JVM Profiler Tool
2025-11-02 16:08:11.185 [main] INFO  com.jvmprofiler.cli.CLIHandler - Starting monitoring for PID: 1234, interval: 2s, duration: unlimited
2025-11-02 16:08:11.255 [main] ERROR com.jvmprofiler.monitor.JVMProfilerJMXConnector - Failed to connect to JVM process 1234: Failed to retrieve RMIServer stub: javax.naming.ServiceUnavailableException [Root exception is java.rmi.ConnectException: Connection refused to host: 127.0.0.1; nested exception is: 
	java.net.ConnectException: Connection refused: connect]
2025-11-02 16:10:23.043 [main] INFO  com.jvmprofiler.Main - Starting JVM Profiler Tool
2025-11-02 16:10:23.059 [main] INFO  com.jvmprofiler.cli.CLIHandler - Starting monitoring for PID: 1234, interval: 2s, duration: unlimited
2025-11-02 16:10:23.124 [main] ERROR com.jvmprofiler.monitor.JVMProfilerJMXConnector - Failed to connect to JVM process 1234: Failed to retrieve RMIServer stub: javax.naming.ServiceUnavailableException [Root exception is java.rmi.ConnectException: Connection refused to host: 127.0.0.1; nested exception is: 
	java.net.ConnectException: Connection refused: connect]
2025-11-02 16:10:41.432 [main] INFO  com.jvmprofiler.Main - Starting JVM Profiler Tool
2025-11-02 16:10:41.445 [main] INFO  com.jvmprofiler.cli.CLIHandler - Starting monitoring for PID: 1234, interval: 2s, duration: unlimited
2025-11-02 16:10:41.560 [main] INFO  com.jvmprofiler.monitor.JVMProfilerJMXConnector - Successfully connected to JVM process: 1234
2025-11-02 16:10:48.994 [main] INFO  com.jvmprofiler.Main - Starting JVM Profiler Tool
2025-11-02 16:10:49.008 [main] INFO  com.jvmprofiler.cli.CLIHandler - Analyzing GC log file: examples\gc-logs\g1gc-sample.log
2025-11-02 16:10:49.011 [main] INFO  com.jvmprofiler.analyzer.GCLogParser - Parsing GC log file: examples\gc-logs\g1gc-sample.log
2025-11-02 16:10:49.686 [main] INFO  com.jvmprofiler.Main - Starting JVM Profiler Tool
2025-11-02 16:10:49.700 [main] INFO  com.jvmprofiler.cli.CLIHandler - Analyzing GC log file: examples\gc-logs\zgc-sample.log
2025-11-02 16:10:49.705 [main] INFO  com.jvmprofiler.analyzer.GCLogParser - Parsing GC log file: examples\gc-logs\zgc-sample.log
2025-11-02 16:10:50.384 [main] INFO  com.jvmprofiler.Main - Starting JVM Profiler Tool
2025-11-02 16:10:50.400 [main] INFO  com.jvmprofiler.cli.CLIHandler - Detecting memory leaks in GC log file: examples\gc-logs\memory-leak-sample.log
2025-11-02 16:10:50.403 [main] INFO  com.jvmprofiler.analyzer.GCLogParser - Parsing GC log file: examples\gc-logs\memory-leak-sample.log
2025-11-02 16:10:51.124 [main] INFO  com.jvmprofiler.Main - Starting JVM Profiler Tool
2025-11-02 16:10:51.137 [main] INFO  com.jvmprofiler.cli.CLIHandler - Analyzing GC log file: examples\gc-logs\parallelgc-sample.log
2025-11-02 16:10:51.140 [main] INFO  com.jvmprofiler.analyzer.GCLogParser - Parsing GC log file: examples\gc-logs\parallelgc-sample.log
2025-11-02 16:38:52.939 [main] INFO  com.jvmprofiler.Main - Starting JVM Profiler Tool
2025-11-02 16:38:52.954 [main] INFO  com.jvmprofiler.cli.CLIHandler - Starting monitoring for PID: 1234, interval: 2s, duration: unlimited
2025-11-02 16:38:53.086 [main] INFO  com.jvmprofiler.monitor.JVMProfilerJMXConnector - Successfully connected to JVM process: 1234
2025-11-04 20:54:13.781 [main] INFO  com.jvmprofiler.Main - Starting JVM Profiler Tool
2025-11-04 20:54:13.789 [main] INFO  com.jvmprofiler.cli.CLIHandler - Starting monitoring for PID: 1234, interval: 2s, duration: unlimited
2025-11-04 20:54:13.873 [main] INFO  com.jvmprofiler.monitor.JVMProfilerJMXConnector - Successfully connected to JVM process: 1234
2025-11-04 20:54:37.033 [main] INFO  com.jvmprofiler.Main - Starting JVM Profiler Tool
2025-11-04 20:54:37.044 [main] INFO  com.jvmprofiler.cli.CLIHandler - Starting monitoring for PID: 1234, interval: 2s, duration: unlimited
2025-11-04 20:54:37.109 [main] INFO  com.jvmprofiler.monitor.JVMProfilerJMXConnector - Successfully connected to JVM process: 1234
2025-11-04 20:54:55.377 [main] ERROR com.jvmprofiler.monitor.JVMProfilerJMXConnector - Error collecting metrics: Connection refused to host: 172.25.43.41; nested exception is: 
	java.net.ConnectException: Connection refused: connect
java.rmi.ConnectException: Connection refused to host: 172.25.43.41; nested exception is: 
	java.net.ConnectException: Connection refused: connect
	at sun.rmi.transport.tcp.TCPEndpoint.newSocket(TCPEndpoint.java:615) ~[?:?]
	at sun.rmi.transport.tcp.TCPChannel.createConnection(TCPChannel.java:150) ~[?:?]
	at sun.rmi.transport.tcp.TCPChannel.newConnection(TCPChannel.java:137) ~[?:?]
	at sun.rmi.server.UnicastRef.invoke(UnicastRef.java:130) ~[?:?]
	at jdk.jmx.remote.internal.rmi.PRef.invoke(Unknown Source) ~[?:?]
	at javax.management.remote.rmi.RMIConnectionImpl_Stub.getAttribute(RMIConnectionImpl_Stub.java:288) ~[?:?]
	at javax.management.remote.rmi.RMIConnector$RemoteMBeanServerConnection.getAttribute(RMIConnector.java:876) ~[?:?]
	at com.jvmprofiler.monitor.JVMProfilerJMXConnector.collectMemoryMetrics(JVMProfilerJMXConnector.java:69) ~[jvm-profiler-tool-1.0.0.jar:?]
	at com.jvmprofiler.monitor.JVMProfilerJMXConnector.collectMetrics(JVMProfilerJMXConnector.java:54) [jvm-profiler-tool-1.0.0.jar:?]
	at com.jvmprofiler.monitor.RealTimeDashboard.startMonitoring(RealTimeDashboard.java:35) [jvm-profiler-tool-1.0.0.jar:?]
	at com.jvmprofiler.cli.CLIHandler.handleMonitorCommand(CLIHandler.java:61) [jvm-profiler-tool-1.0.0.jar:?]
	at com.jvmprofiler.cli.CLIHandler.handleCommand(CLIHandler.java:33) [jvm-profiler-tool-1.0.0.jar:?]
	at com.jvmprofiler.Main.main(Main.java:23) [jvm-profiler-tool-1.0.0.jar:?]
Caused by: java.net.ConnectException: Connection refused: connect
	at sun.nio.ch.Net.connect0(Native Method) ~[?:?]
	at sun.nio.ch.Net.connect(Net.java:546) ~[?:?]
	at sun.nio.ch.Net.connect(Net.java:535) ~[?:?]
	at sun.nio.ch.NioSocketImpl.connect(NioSocketImpl.java:585) ~[?:?]
	at java.net.SocksSocketImpl.connect(SocksSocketImpl.java:284) ~[?:?]
	at java.net.Socket.connect(Socket.java:659) ~[?:?]
	at java.net.Socket.connect(Socket.java:597) ~[?:?]
	at java.net.Socket.<init>(Socket.java:464) ~[?:?]
	at java.net.Socket.<init>(Socket.java:276) ~[?:?]
	at sun.rmi.transport.tcp.TCPDirectSocketFactory.createSocket(TCPDirectSocketFactory.java:40) ~[?:?]
	at sun.rmi.transport.tcp.TCPEndpoint.newSocket(TCPEndpoint.java:609) ~[?:?]
	... 12 more
2025-11-04 20:54:55.382 [main] ERROR com.jvmprofiler.monitor.RealTimeDashboard - Monitoring error: Failed to collect metrics
java.lang.RuntimeException: Failed to collect metrics
	at com.jvmprofiler.monitor.JVMProfilerJMXConnector.collectMetrics(JVMProfilerJMXConnector.java:63) ~[jvm-profiler-tool-1.0.0.jar:?]
	at com.jvmprofiler.monitor.RealTimeDashboard.startMonitoring(RealTimeDashboard.java:35) [jvm-profiler-tool-1.0.0.jar:?]
	at com.jvmprofiler.cli.CLIHandler.handleMonitorCommand(CLIHandler.java:61) [jvm-profiler-tool-1.0.0.jar:?]
	at com.jvmprofiler.cli.CLIHandler.handleCommand(CLIHandler.java:33) [jvm-profiler-tool-1.0.0.jar:?]
	at com.jvmprofiler.Main.main(Main.java:23) [jvm-profiler-tool-1.0.0.jar:?]
Caused by: java.rmi.ConnectException: Connection refused to host: 172.25.43.41; nested exception is: 
	java.net.ConnectException: Connection refused: connect
	at sun.rmi.transport.tcp.TCPEndpoint.newSocket(TCPEndpoint.java:615) ~[?:?]
	at sun.rmi.transport.tcp.TCPChannel.createConnection(TCPChannel.java:150) ~[?:?]
	at sun.rmi.transport.tcp.TCPChannel.newConnection(TCPChannel.java:137) ~[?:?]
	at sun.rmi.server.UnicastRef.invoke(UnicastRef.java:130) ~[?:?]
	at jdk.jmx.remote.internal.rmi.PRef.invoke(Unknown Source) ~[?:?]
	at javax.management.remote.rmi.RMIConnectionImpl_Stub.getAttribute(RMIConnectionImpl_Stub.java:288) ~[?:?]
	at javax.management.remote.rmi.RMIConnector$RemoteMBeanServerConnection.getAttribute(RMIConnector.java:876) ~[?:?]
	at com.jvmprofiler.monitor.JVMProfilerJMXConnector.collectMemoryMetrics(JVMProfilerJMXConnector.java:69) ~[jvm-profiler-tool-1.0.0.jar:?]
	at com.jvmprofiler.monitor.JVMProfilerJMXConnector.collectMetrics(JVMProfilerJMXConnector.java:54) ~[jvm-profiler-tool-1.0.0.jar:?]
	... 4 more
Caused by: java.net.ConnectException: Connection refused: connect
	at sun.nio.ch.Net.connect0(Native Method) ~[?:?]
	at sun.nio.ch.Net.connect(Net.java:546) ~[?:?]
	at sun.nio.ch.Net.connect(Net.java:535) ~[?:?]
	at sun.nio.ch.NioSocketImpl.connect(NioSocketImpl.java:585) ~[?:?]
	at java.net.SocksSocketImpl.connect(SocksSocketImpl.java:284) ~[?:?]
	at java.net.Socket.connect(Socket.java:659) ~[?:?]
	at java.net.Socket.connect(Socket.java:597) ~[?:?]
	at java.net.Socket.<init>(Socket.java:464) ~[?:?]
	at java.net.Socket.<init>(Socket.java:276) ~[?:?]
	at sun.rmi.transport.tcp.TCPDirectSocketFactory.createSocket(TCPDirectSocketFactory.java:40) ~[?:?]
	at sun.rmi.transport.tcp.TCPEndpoint.newSocket(TCPEndpoint.java:609) ~[?:?]
	at sun.rmi.transport.tcp.TCPChannel.createConnection(TCPChannel.java:150) ~[?:?]
	at sun.rmi.transport.tcp.TCPChannel.newConnection(TCPChannel.java:137) ~[?:?]
	at sun.rmi.server.UnicastRef.invoke(UnicastRef.java:130) ~[?:?]
	at jdk.jmx.remote.internal.rmi.PRef.invoke(Unknown Source) ~[?:?]
	at javax.management.remote.rmi.RMIConnectionImpl_Stub.getAttribute(RMIConnectionImpl_Stub.java:288) ~[?:?]
	at javax.management.remote.rmi.RMIConnector$RemoteMBeanServerConnection.getAttribute(RMIConnector.java:876) ~[?:?]
	at com.jvmprofiler.monitor.JVMProfilerJMXConnector.collectMemoryMetrics(JVMProfilerJMXConnector.java:69) ~[jvm-profiler-tool-1.0.0.jar:?]
	at com.jvmprofiler.monitor.JVMProfilerJMXConnector.collectMetrics(JVMProfilerJMXConnector.java:54) ~[jvm-profiler-tool-1.0.0.jar:?]
	... 4 more
2025-11-04 20:54:57.426 [main] ERROR com.jvmprofiler.monitor.JVMProfilerJMXConnector - Error disconnecting: Connection refused to host: 172.25.43.41; nested exception is: 
	java.net.ConnectException: Connection refused: connect
2025-11-04 20:56:45.575 [main] INFO  com.jvmprofiler.Main - Starting JVM Profiler Tool
2025-11-04 20:56:45.586 [main] INFO  com.jvmprofiler.cli.CLIHandler - Starting monitoring for PID: 1234, interval: 2s, duration: unlimited
2025-11-04 20:56:45.681 [main] INFO  com.jvmprofiler.monitor.JVMProfilerJMXConnector - Successfully connected to JVM process: 1234
2025-11-04 21:08:00.163 [main] INFO  com.jvmprofiler.monitor.prometheus.PrometheusMetricsExporter - Prometheus metrics server started on port 9090
2025-11-04 21:08:00.166 [main] INFO  com.jvmprofiler.monitor.prometheus.PrometheusMetricsExporter - Metrics available at: http://localhost:9090/metrics
2025-11-04 21:14:07.368 [main] INFO  com.jvmprofiler.Main - Starting JVM Profiler Tool
2025-11-04 21:14:07.377 [main] INFO  com.jvmprofiler.cli.CLIHandler - Starting monitoring for PID: 1234, interval: 2s, duration: unlimited
2025-11-04 21:14:07.451 [main] INFO  com.jvmprofiler.monitor.JVMProfilerJMXConnector - Successfully connected to JVM process: 1234
2025-11-04 21:14:38.967 [main] INFO  com.jvmprofiler.monitor.prometheus.PrometheusMetricsExporter - Prometheus metrics server started on port 9090
2025-11-04 21:14:38.969 [main] INFO  com.jvmprofiler.monitor.prometheus.PrometheusMetricsExporter - Metrics available at: http://localhost:9090/metrics
2025-11-04 21:55:01.977 [main] INFO  com.jvmprofiler.monitor.prometheus.PrometheusMetricsExporter - Prometheus metrics server started on port 9090
2025-11-04 21:55:01.978 [main] INFO  com.jvmprofiler.monitor.prometheus.PrometheusMetricsExporter - Metrics available at: http://localhost:9090/metrics
2025-11-04 21:55:09.055 [main] INFO  com.jvmprofiler.Main - Starting JVM Profiler Tool
2025-11-04 21:55:09.070 [main] INFO  com.jvmprofiler.cli.CLIHandler - Starting monitoring for PID: 1234, interval: 2s, duration: unlimited
2025-11-04 21:55:09.113 [main] ERROR com.jvmprofiler.monitor.JVMProfilerJMXConnector - Failed to connect to JVM process 1234: Failed to retrieve RMIServer stub: javax.naming.ServiceUnavailableException [Root exception is java.rmi.ConnectException: Connection refused to host: 127.0.0.1; nested exception is: 
	java.net.ConnectException: Connection refused: connect]
2025-11-04 21:57:43.683 [main] INFO  com.jvmprofiler.monitor.prometheus.PrometheusMetricsExporter - Prometheus metrics server started on port 9090
2025-11-04 21:57:43.685 [main] INFO  com.jvmprofiler.monitor.prometheus.PrometheusMetricsExporter - Metrics available at: http://localhost:9090/metrics
2025-11-04 21:58:25.737 [main] INFO  com.jvmprofiler.Main - Starting JVM Profiler Tool
2025-11-04 21:58:25.745 [main] INFO  com.jvmprofiler.cli.CLIHandler - Starting monitoring for PID: 1234, interval: 2s, duration: unlimited
2025-11-04 21:58:25.822 [main] INFO  com.jvmprofiler.monitor.JVMProfilerJMXConnector - Successfully connected to JVM process: 1234
2025-11-04 22:08:27.433 [main] INFO  com.jvmprofiler.Main - Starting JVM Profiler Tool
2025-11-04 22:08:27.442 [main] INFO  com.jvmprofiler.cli.CLIHandler - Starting monitoring for PID: 1234, interval: 2s, duration: unlimited
2025-11-04 22:08:27.520 [main] INFO  com.jvmprofiler.monitor.JVMProfilerJMXConnector - Successfully connected to JVM process: 1234
2025-11-04 22:08:37.748 [main] INFO  com.jvmprofiler.monitor.prometheus.PrometheusMetricsExporter - Prometheus metrics server started on port 9090
2025-11-04 22:08:37.750 [main] INFO  com.jvmprofiler.monitor.prometheus.PrometheusMetricsExporter - Metrics available at: http://localhost:9090/metrics
2025-11-04 22:09:20.071 [main] INFO  com.jvmprofiler.Main - Starting JVM Profiler Tool
2025-11-04 22:09:20.086 [main] INFO  com.jvmprofiler.cli.CLIHandler - Starting monitoring for PID: 1234, interval: 2s, duration: unlimited
2025-11-04 22:09:20.194 [main] INFO  com.jvmprofiler.monitor.JVMProfilerJMXConnector - Successfully connected to JVM process: 1234
2025-11-04 22:09:33.031 [main] INFO  com.jvmprofiler.monitor.prometheus.PrometheusMetricsExporter - Prometheus metrics server started on port 9090
2025-11-04 22:09:33.032 [main] INFO  com.jvmprofiler.monitor.prometheus.PrometheusMetricsExporter - Metrics available at: http://localhost:9090/metrics
